[0.076s] DEBUG:colcon:Command line arguments: ['/home/ahmo030/.local/bin/colcon', 'build', '--packages-select', 'arena_simulation_setup']
[0.076s] DEBUG:colcon:Parsed command line arguments: Namespace(log_base=None, log_level=None, verb_name='build', build_base='build', install_base='install', merge_install=False, symlink_install=False, test_result_base=None, continue_on_error=False, executor='parallel', parallel_workers=16, event_handlers=None, ignore_user_meta=False, metas=['./colcon.meta'], base_paths=['.'], packages_ignore=None, packages_ignore_regex=None, paths=None, packages_up_to=None, packages_up_to_regex=None, packages_above=None, packages_above_and_dependencies=None, packages_above_depth=None, packages_select_by_dep=None, packages_skip_by_dep=None, packages_skip_up_to=None, packages_select_build_failed=False, packages_skip_build_finished=False, packages_select_test_failures=False, packages_skip_test_passed=False, packages_select=['arena_simulation_setup'], packages_skip=None, packages_select_regex=None, packages_skip_regex=None, packages_start=None, packages_end=None, cmake_args=None, cmake_target=None, cmake_target_skip_unavailable=False, cmake_clean_cache=False, cmake_clean_first=False, cmake_force_configure=False, ament_cmake_args=None, catkin_cmake_args=None, catkin_skip_building_tests=False, verb_parser=<colcon_defaults.argument_parser.defaults.DefaultArgumentsDecorator object at 0x7f6905648a00>, verb_extension=<colcon_core.verb.build.BuildVerb object at 0x7f690574d570>, main=<bound method BuildVerb.main of <colcon_core.verb.build.BuildVerb object at 0x7f690574d570>>)
[0.218s] Level 1:colcon.colcon_core.package_discovery:discover_packages(colcon_meta) check parameters
[0.218s] Level 1:colcon.colcon_core.package_discovery:discover_packages(recursive) check parameters
[0.218s] Level 1:colcon.colcon_core.package_discovery:discover_packages(ignore) check parameters
[0.218s] Level 1:colcon.colcon_core.package_discovery:discover_packages(path) check parameters
[0.218s] Level 1:colcon.colcon_core.package_discovery:discover_packages(colcon_meta) discover
[0.219s] Level 1:colcon.colcon_core.package_discovery:discover_packages(recursive) discover
[0.219s] INFO:colcon.colcon_core.package_discovery:Crawling recursively for packages in '/home/ahmo030/ros2-migration/arena/simulation-setup'
[0.219s] Level 1:colcon.colcon_core.package_identification:_identify(.) by extensions ['ignore', 'ignore_ament_install']
[0.219s] Level 1:colcon.colcon_core.package_identification:_identify(.) by extension 'ignore'
[0.219s] Level 1:colcon.colcon_core.package_identification:_identify(.) by extension 'ignore_ament_install'
[0.219s] Level 1:colcon.colcon_core.package_identification:_identify(.) by extensions ['colcon_pkg']
[0.219s] Level 1:colcon.colcon_core.package_identification:_identify(.) by extension 'colcon_pkg'
[0.219s] Level 1:colcon.colcon_core.package_identification:_identify(.) by extensions ['colcon_meta']
[0.219s] Level 1:colcon.colcon_core.package_identification:_identify(.) by extension 'colcon_meta'
[0.219s] Level 1:colcon.colcon_core.package_identification:_identify(.) by extensions ['ros']
[0.219s] Level 1:colcon.colcon_core.package_identification:_identify(.) by extension 'ros'
[0.233s] DEBUG:colcon.colcon_core.package_identification:Package '.' with type 'ros.ament_cmake' and name 'arena_simulation_setup'
[0.233s] Level 1:colcon.colcon_core.package_discovery:discover_packages(recursive) using defaults
[0.233s] Level 1:colcon.colcon_core.package_discovery:discover_packages(ignore) discover
[0.233s] Level 1:colcon.colcon_core.package_discovery:discover_packages(ignore) using defaults
[0.233s] Level 1:colcon.colcon_core.package_discovery:discover_packages(path) discover
[0.233s] Level 1:colcon.colcon_core.package_discovery:discover_packages(path) using defaults
[0.244s] Level 5:colcon.colcon_core.verb:set package 'arena_simulation_setup' build argument 'cmake_args' from command line to 'None'
[0.244s] Level 5:colcon.colcon_core.verb:set package 'arena_simulation_setup' build argument 'cmake_target' from command line to 'None'
[0.244s] Level 5:colcon.colcon_core.verb:set package 'arena_simulation_setup' build argument 'cmake_target_skip_unavailable' from command line to 'False'
[0.244s] Level 5:colcon.colcon_core.verb:set package 'arena_simulation_setup' build argument 'cmake_clean_cache' from command line to 'False'
[0.244s] Level 5:colcon.colcon_core.verb:set package 'arena_simulation_setup' build argument 'cmake_clean_first' from command line to 'False'
[0.244s] Level 5:colcon.colcon_core.verb:set package 'arena_simulation_setup' build argument 'cmake_force_configure' from command line to 'False'
[0.244s] Level 5:colcon.colcon_core.verb:set package 'arena_simulation_setup' build argument 'ament_cmake_args' from command line to 'None'
[0.244s] Level 5:colcon.colcon_core.verb:set package 'arena_simulation_setup' build argument 'catkin_cmake_args' from command line to 'None'
[0.244s] Level 5:colcon.colcon_core.verb:set package 'arena_simulation_setup' build argument 'catkin_skip_building_tests' from command line to 'False'
[0.244s] DEBUG:colcon.colcon_core.verb:Building package 'arena_simulation_setup' with the following arguments: {'ament_cmake_args': None, 'build_base': '/home/ahmo030/ros2-migration/arena/simulation-setup/build/arena_simulation_setup', 'catkin_cmake_args': None, 'catkin_skip_building_tests': False, 'cmake_args': None, 'cmake_clean_cache': False, 'cmake_clean_first': False, 'cmake_force_configure': False, 'cmake_target': None, 'cmake_target_skip_unavailable': False, 'install_base': '/home/ahmo030/ros2-migration/arena/simulation-setup/install/arena_simulation_setup', 'merge_install': False, 'path': '/home/ahmo030/ros2-migration/arena/simulation-setup', 'symlink_install': False, 'test_result_base': None}
[0.244s] INFO:colcon.colcon_core.executor:Executing jobs using 'parallel' executor
[0.245s] DEBUG:colcon.colcon_parallel_executor.executor.parallel:run_until_complete
[0.245s] INFO:colcon.colcon_ros.task.ament_cmake.build:Building ROS package in '/home/ahmo030/ros2-migration/arena/simulation-setup' with build type 'ament_cmake'
[0.245s] INFO:colcon.colcon_cmake.task.cmake.build:Building CMake package in '/home/ahmo030/ros2-migration/arena/simulation-setup'
[0.246s] INFO:colcon.colcon_core.plugin_system:Skipping extension 'colcon_core.shell.bat': Not used on non-Windows systems
[0.246s] INFO:colcon.colcon_core.shell:Skip shell extension 'powershell' for command environment: Not usable outside of PowerShell
[0.246s] DEBUG:colcon.colcon_core.shell:Skip shell extension 'dsv' for command environment
[0.268s] DEBUG:colcon.colcon_core.event_handler.log_command:Invoking command in '/home/ahmo030/ros2-migration/arena/simulation-setup/build/arena_simulation_setup': CMAKE_PREFIX_PATH=/opt/ros/humble:${CMAKE_PREFIX_PATH} /usr/bin/cmake --build /home/ahmo030/ros2-migration/arena/simulation-setup/build/arena_simulation_setup -- -j16 -l16
[0.296s] DEBUG:colcon.colcon_core.event_handler.log_command:Invoked command in '/home/ahmo030/ros2-migration/arena/simulation-setup/build/arena_simulation_setup' returned '0': CMAKE_PREFIX_PATH=/opt/ros/humble:${CMAKE_PREFIX_PATH} /usr/bin/cmake --build /home/ahmo030/ros2-migration/arena/simulation-setup/build/arena_simulation_setup -- -j16 -l16
[0.320s] DEBUG:colcon.colcon_core.event_handler.log_command:Invoking command in '/home/ahmo030/ros2-migration/arena/simulation-setup/build/arena_simulation_setup': CMAKE_PREFIX_PATH=/opt/ros/humble:${CMAKE_PREFIX_PATH} /usr/bin/cmake --install /home/ahmo030/ros2-migration/arena/simulation-setup/build/arena_simulation_setup
[0.332s] Level 1:colcon.colcon_core.environment:create_environment_scripts_only(arena_simulation_setup)
[0.332s] DEBUG:colcon.colcon_core.event_handler.log_command:Invoked command in '/home/ahmo030/ros2-migration/arena/simulation-setup/build/arena_simulation_setup' returned '0': CMAKE_PREFIX_PATH=/opt/ros/humble:${CMAKE_PREFIX_PATH} /usr/bin/cmake --install /home/ahmo030/ros2-migration/arena/simulation-setup/build/arena_simulation_setup
[0.334s] Level 1:colcon.colcon_core.environment:checking '/home/ahmo030/ros2-migration/arena/simulation-setup/install/arena_simulation_setup' for CMake module files
[0.334s] Level 1:colcon.colcon_core.environment:checking '/home/ahmo030/ros2-migration/arena/simulation-setup/install/arena_simulation_setup' for CMake config files
[0.334s] Level 1:colcon.colcon_core.shell:create_environment_hook('arena_simulation_setup', 'cmake_prefix_path')
[0.334s] INFO:colcon.colcon_core.shell:Creating environment hook '/home/ahmo030/ros2-migration/arena/simulation-setup/install/arena_simulation_setup/share/arena_simulation_setup/hook/cmake_prefix_path.ps1'
[0.335s] INFO:colcon.colcon_core.shell:Creating environment descriptor '/home/ahmo030/ros2-migration/arena/simulation-setup/install/arena_simulation_setup/share/arena_simulation_setup/hook/cmake_prefix_path.dsv'
[0.335s] INFO:colcon.colcon_core.shell:Creating environment hook '/home/ahmo030/ros2-migration/arena/simulation-setup/install/arena_simulation_setup/share/arena_simulation_setup/hook/cmake_prefix_path.sh'
[0.335s] Level 1:colcon.colcon_core.environment:checking '/home/ahmo030/ros2-migration/arena/simulation-setup/install/arena_simulation_setup/bin'
[0.335s] Level 1:colcon.colcon_core.environment:checking '/home/ahmo030/ros2-migration/arena/simulation-setup/install/arena_simulation_setup/lib/pkgconfig/arena_simulation_setup.pc'
[0.336s] Level 1:colcon.colcon_core.environment:checking '/home/ahmo030/ros2-migration/arena/simulation-setup/install/arena_simulation_setup/lib/python3.10/site-packages'
[0.336s] Level 1:colcon.colcon_core.environment:checking '/home/ahmo030/ros2-migration/arena/simulation-setup/install/arena_simulation_setup/bin'
[0.336s] INFO:colcon.colcon_core.shell:Creating package script '/home/ahmo030/ros2-migration/arena/simulation-setup/install/arena_simulation_setup/share/arena_simulation_setup/package.ps1'
[0.337s] INFO:colcon.colcon_core.shell:Creating package descriptor '/home/ahmo030/ros2-migration/arena/simulation-setup/install/arena_simulation_setup/share/arena_simulation_setup/package.dsv'
[0.337s] INFO:colcon.colcon_core.shell:Creating package script '/home/ahmo030/ros2-migration/arena/simulation-setup/install/arena_simulation_setup/share/arena_simulation_setup/package.sh'
[0.337s] INFO:colcon.colcon_core.shell:Creating package script '/home/ahmo030/ros2-migration/arena/simulation-setup/install/arena_simulation_setup/share/arena_simulation_setup/package.bash'
[0.338s] INFO:colcon.colcon_core.shell:Creating package script '/home/ahmo030/ros2-migration/arena/simulation-setup/install/arena_simulation_setup/share/arena_simulation_setup/package.zsh'
[0.338s] Level 1:colcon.colcon_core.environment:create_file_with_runtime_dependencies(/home/ahmo030/ros2-migration/arena/simulation-setup/install/arena_simulation_setup/share/colcon-core/packages/arena_simulation_setup)
[0.364s] Level 1:colcon.colcon_core.environment:create_environment_scripts_only(arena_simulation_setup)
[0.365s] Level 1:colcon.colcon_core.environment:checking '/home/ahmo030/ros2-migration/arena/simulation-setup/install/arena_simulation_setup' for CMake module files
[0.366s] Level 1:colcon.colcon_core.environment:checking '/home/ahmo030/ros2-migration/arena/simulation-setup/install/arena_simulation_setup' for CMake config files
[0.366s] Level 1:colcon.colcon_core.shell:create_environment_hook('arena_simulation_setup', 'cmake_prefix_path')
[0.367s] INFO:colcon.colcon_core.shell:Creating environment hook '/home/ahmo030/ros2-migration/arena/simulation-setup/install/arena_simulation_setup/share/arena_simulation_setup/hook/cmake_prefix_path.ps1'
[0.368s] INFO:colcon.colcon_core.shell:Creating environment descriptor '/home/ahmo030/ros2-migration/arena/simulation-setup/install/arena_simulation_setup/share/arena_simulation_setup/hook/cmake_prefix_path.dsv'
[0.369s] INFO:colcon.colcon_core.shell:Creating environment hook '/home/ahmo030/ros2-migration/arena/simulation-setup/install/arena_simulation_setup/share/arena_simulation_setup/hook/cmake_prefix_path.sh'
[0.370s] Level 1:colcon.colcon_core.environment:checking '/home/ahmo030/ros2-migration/arena/simulation-setup/install/arena_simulation_setup/bin'
[0.370s] Level 1:colcon.colcon_core.environment:checking '/home/ahmo030/ros2-migration/arena/simulation-setup/install/arena_simulation_setup/lib/pkgconfig/arena_simulation_setup.pc'
[0.371s] Level 1:colcon.colcon_core.environment:checking '/home/ahmo030/ros2-migration/arena/simulation-setup/install/arena_simulation_setup/lib/python3.10/site-packages'
[0.371s] Level 1:colcon.colcon_core.environment:checking '/home/ahmo030/ros2-migration/arena/simulation-setup/install/arena_simulation_setup/bin'
[0.372s] INFO:colcon.colcon_core.shell:Creating package script '/home/ahmo030/ros2-migration/arena/simulation-setup/install/arena_simulation_setup/share/arena_simulation_setup/package.ps1'
[0.373s] INFO:colcon.colcon_core.shell:Creating package descriptor '/home/ahmo030/ros2-migration/arena/simulation-setup/install/arena_simulation_setup/share/arena_simulation_setup/package.dsv'
[0.374s] INFO:colcon.colcon_core.shell:Creating package script '/home/ahmo030/ros2-migration/arena/simulation-setup/install/arena_simulation_setup/share/arena_simulation_setup/package.sh'
[0.374s] INFO:colcon.colcon_core.shell:Creating package script '/home/ahmo030/ros2-migration/arena/simulation-setup/install/arena_simulation_setup/share/arena_simulation_setup/package.bash'
[0.375s] INFO:colcon.colcon_core.shell:Creating package script '/home/ahmo030/ros2-migration/arena/simulation-setup/install/arena_simulation_setup/share/arena_simulation_setup/package.zsh'
[0.375s] Level 1:colcon.colcon_core.environment:create_file_with_runtime_dependencies(/home/ahmo030/ros2-migration/arena/simulation-setup/install/arena_simulation_setup/share/colcon-core/packages/arena_simulation_setup)
[0.376s] DEBUG:colcon.colcon_parallel_executor.executor.parallel:closing loop
[0.376s] DEBUG:colcon.colcon_parallel_executor.executor.parallel:loop closed
[0.376s] DEBUG:colcon.colcon_parallel_executor.executor.parallel:run_until_complete finished with '0'
[0.376s] DEBUG:colcon.colcon_core.event_reactor:joining thread
[0.382s] INFO:colcon.colcon_core.plugin_system:Skipping extension 'colcon_notification.desktop_notification.terminal_notifier': Not used on non-Darwin systems
[0.382s] INFO:colcon.colcon_core.plugin_system:Skipping extension 'colcon_notification.desktop_notification.win32': Not used on non-Windows systems
[0.382s] INFO:colcon.colcon_notification.desktop_notification:Sending desktop notification using 'notify2'
[0.401s] DEBUG:colcon.colcon_core.event_reactor:joined thread
[0.401s] INFO:colcon.colcon_core.shell:Creating prefix script '/home/ahmo030/ros2-migration/arena/simulation-setup/install/local_setup.ps1'
[0.402s] INFO:colcon.colcon_core.shell:Creating prefix util module '/home/ahmo030/ros2-migration/arena/simulation-setup/install/_local_setup_util_ps1.py'
[0.404s] INFO:colcon.colcon_core.shell:Creating prefix chain script '/home/ahmo030/ros2-migration/arena/simulation-setup/install/setup.ps1'
[0.406s] INFO:colcon.colcon_core.shell:Creating prefix script '/home/ahmo030/ros2-migration/arena/simulation-setup/install/local_setup.sh'
[0.406s] INFO:colcon.colcon_core.shell:Creating prefix util module '/home/ahmo030/ros2-migration/arena/simulation-setup/install/_local_setup_util_sh.py'
[0.406s] INFO:colcon.colcon_core.shell:Creating prefix chain script '/home/ahmo030/ros2-migration/arena/simulation-setup/install/setup.sh'
[0.407s] INFO:colcon.colcon_core.shell:Creating prefix script '/home/ahmo030/ros2-migration/arena/simulation-setup/install/local_setup.bash'
[0.407s] INFO:colcon.colcon_core.shell:Creating prefix chain script '/home/ahmo030/ros2-migration/arena/simulation-setup/install/setup.bash'
[0.408s] INFO:colcon.colcon_core.shell:Creating prefix script '/home/ahmo030/ros2-migration/arena/simulation-setup/install/local_setup.zsh'
[0.408s] INFO:colcon.colcon_core.shell:Creating prefix chain script '/home/ahmo030/ros2-migration/arena/simulation-setup/install/setup.zsh'
