[0.005s] Invoking command in '/home/ahmo030/ros2-migration/arena/simulation-setup/build/arena_simulation_setup': CMAKE_PREFIX_PATH=/opt/ros/humble:${CMAKE_PREFIX_PATH} /usr/bin/cmake /home/ahmo030/ros2-migration/arena/simulation-setup -DCMAKE_INSTALL_PREFIX=/home/ahmo030/ros2-migration/arena/simulation-setup/install/arena_simulation_setup
[0.036s] -- The C compiler identification is GNU 11.4.0
[0.084s] -- The CXX compiler identification is GNU 11.4.0
[0.087s] -- Detecting C compiler ABI info
[0.150s] -- Detecting C compiler ABI info - done
[0.155s] -- Check for working C compiler: /usr/bin/cc - skipped
[0.156s] -- Detecting C compile features
[0.156s] -- Detecting C compile features - done
[0.160s] -- Detecting CXX compiler ABI info
[0.247s] -- Detecting CXX compiler ABI info - done
[0.260s] -- Check for working CXX compiler: /usr/bin/c++ - skipped
[0.260s] -- Detecting CXX compile features
[0.261s] -- Detecting CXX compile features - done
[0.263s] -- Found ament_cmake: 1.3.8 (/opt/ros/humble/share/ament_cmake/cmake)
[0.357s] -- Found Python3: /usr/bin/python3 (found version "3.10.12") found components: Interpreter 
[0.440s] -- Configuring done
[0.442s] -- Generating done
[0.442s] -- Build files have been written to: /home/ahmo030/ros2-migration/arena/simulation-setup/build/arena_simulation_setup
[0.444s] Invoked command in '/home/ahmo030/ros2-migration/arena/simulation-setup/build/arena_simulation_setup' returned '0': CMAKE_PREFIX_PATH=/opt/ros/humble:${CMAKE_PREFIX_PATH} /usr/bin/cmake /home/ahmo030/ros2-migration/arena/simulation-setup -DCMAKE_INSTALL_PREFIX=/home/ahmo030/ros2-migration/arena/simulation-setup/install/arena_simulation_setup
[0.445s] Invoking command in '/home/ahmo030/ros2-migration/arena/simulation-setup/build/arena_simulation_setup': CMAKE_PREFIX_PATH=/opt/ros/humble:${CMAKE_PREFIX_PATH} /usr/bin/cmake --build /home/ahmo030/ros2-migration/arena/simulation-setup/build/arena_simulation_setup -- -j16 -l16
[0.479s] Invoked command in '/home/ahmo030/ros2-migration/arena/simulation-setup/build/arena_simulation_setup' returned '0': CMAKE_PREFIX_PATH=/opt/ros/humble:${CMAKE_PREFIX_PATH} /usr/bin/cmake --build /home/ahmo030/ros2-migration/arena/simulation-setup/build/arena_simulation_setup -- -j16 -l16
[0.513s] Invoking command in '/home/ahmo030/ros2-migration/arena/simulation-setup/build/arena_simulation_setup': CMAKE_PREFIX_PATH=/opt/ros/humble:${CMAKE_PREFIX_PATH} /usr/bin/cmake --install /home/ahmo030/ros2-migration/arena/simulation-setup/build/arena_simulation_setup
[0.517s] -- Install configuration: ""
[0.517s] -- Installing: /home/ahmo030/ros2-migration/arena/simulation-setup/install/arena_simulation_setup/share/ament_index/resource_index/package_run_dependencies/arena_simulation_setup
[0.517s] -- Installing: /home/ahmo030/ros2-migration/arena/simulation-setup/install/arena_simulation_setup/share/ament_index/resource_index/parent_prefix_path/arena_simulation_setup
[0.518s] -- Installing: /home/ahmo030/ros2-migration/arena/simulation-setup/install/arena_simulation_setup/share/arena_simulation_setup/environment/ament_prefix_path.sh
[0.518s] -- Installing: /home/ahmo030/ros2-migration/arena/simulation-setup/install/arena_simulation_setup/share/arena_simulation_setup/environment/ament_prefix_path.dsv
[0.518s] -- Installing: /home/ahmo030/ros2-migration/arena/simulation-setup/install/arena_simulation_setup/share/arena_simulation_setup/environment/path.sh
[0.518s] -- Installing: /home/ahmo030/ros2-migration/arena/simulation-setup/install/arena_simulation_setup/share/arena_simulation_setup/environment/path.dsv
[0.518s] -- Installing: /home/ahmo030/ros2-migration/arena/simulation-setup/install/arena_simulation_setup/share/arena_simulation_setup/local_setup.bash
[0.518s] -- Installing: /home/ahmo030/ros2-migration/arena/simulation-setup/install/arena_simulation_setup/share/arena_simulation_setup/local_setup.sh
[0.518s] -- Installing: /home/ahmo030/ros2-migration/arena/simulation-setup/install/arena_simulation_setup/share/arena_simulation_setup/local_setup.zsh
[0.518s] -- Installing: /home/ahmo030/ros2-migration/arena/simulation-setup/install/arena_simulation_setup/share/arena_simulation_setup/local_setup.dsv
[0.518s] -- Installing: /home/ahmo030/ros2-migration/arena/simulation-setup/install/arena_simulation_setup/share/arena_simulation_setup/package.dsv
[0.518s] -- Installing: /home/ahmo030/ros2-migration/arena/simulation-setup/install/arena_simulation_setup/share/ament_index/resource_index/packages/arena_simulation_setup
[0.518s] -- Installing: /home/ahmo030/ros2-migration/arena/simulation-setup/install/arena_simulation_setup/share/arena_simulation_setup/cmake/ament_cmake_export_dependencies-extras.cmake
[0.518s] -- Installing: /home/ahmo030/ros2-migration/arena/simulation-setup/install/arena_simulation_setup/share/arena_simulation_setup/cmake/arena_simulation_setupConfig.cmake
[0.518s] -- Installing: /home/ahmo030/ros2-migration/arena/simulation-setup/install/arena_simulation_setup/share/arena_simulation_setup/cmake/arena_simulation_setupConfig-version.cmake
[0.518s] -- Installing: /home/ahmo030/ros2-migration/arena/simulation-setup/install/arena_simulation_setup/share/arena_simulation_setup/package.xml
[0.519s] Invoked command in '/home/ahmo030/ros2-migration/arena/simulation-setup/build/arena_simulation_setup' returned '0': CMAKE_PREFIX_PATH=/opt/ros/humble:${CMAKE_PREFIX_PATH} /usr/bin/cmake --install /home/ahmo030/ros2-migration/arena/simulation-setup/build/arena_simulation_setup
